<?xml version="1.0" encoding="UTF-8"?>
<!-- Generated by org.testng.reporters.JUnitXMLReporter -->
<testsuite ignored="0" hostname="Praful" failures="0" tests="9" name="Test 1" time="43.009" errors="0" timestamp="2024-12-20T18:42:38 IST">
  <testcase classname="TestLayer.DemoOrangeHRMTest" name="validateLoginFunctionality" time="6.772"/>
  <testcase classname="TestLayer.DemoOrangeHRMTest" name="validatePimLink" time="1.435"/>
  <testcase classname="TestLayer.DemoOrangeHRMTest" name="validateAddEmployee" time="6.523"/>
  <testcase classname="TestLayer.DemoOrangeHRMTest" name="validateAddMoreEmployeeDetails" time="7.863"/>
  <testcase classname="TestLayer.DemoOrangeHRMTest" name="validateSearchEmployee" time="6.245"/>
  <testcase classname="TestLayer.DemoOrangeHRMTest" name="validateAdminLink" time="0.833"/>
  <testcase classname="TestLayer.DemoOrangeHRMTest" name="validateAddUserAdminPage" time="12.453"/>
  <testcase classname="TestLayer.DemoOrangeHRMTest" name="validateLogout" time="0.851"/>
  <testcase classname="TestLayer.DemoOrangeHRMTest" name="validateEmployeeLogin" time="0.0"/>
</testsuite> <!-- Test 1 -->
