<?xml version="1.0" encoding="UTF-8"?>
<!-- Generated by org.testng.reporters.JUnitXMLReporter -->
<testsuite ignored="0" hostname="Praful" failures="0" tests="9" name="Test2 " time="48.607" errors="0" timestamp="2024-12-20T18:42:44 IST">
  <testcase classname="TestLayer.DemoOrangeHRMTest" name="validateLoginFunctionality" time="6.758"/>
  <testcase classname="TestLayer.DemoOrangeHRMTest" name="validatePimLink" time="1.392"/>
  <testcase classname="TestLayer.DemoOrangeHRMTest" name="validateAddEmployee" time="6.564"/>
  <testcase classname="TestLayer.DemoOrangeHRMTest" name="validateAddMoreEmployeeDetails" time="8.847"/>
  <testcase classname="TestLayer.DemoOrangeHRMTest" name="validateSearchEmployee" time="6.989"/>
  <testcase classname="TestLayer.DemoOrangeHRMTest" name="validateAdminLink" time="1.111"/>
  <testcase classname="TestLayer.DemoOrangeHRMTest" name="validateAddUserAdminPage" time="15.014"/>
  <testcase classname="TestLayer.DemoOrangeHRMTest" name="validateLogout" time="1.871"/>
  <testcase classname="TestLayer.DemoOrangeHRMTest" name="validateEmployeeLogin" time="0.0"/>
</testsuite> <!-- Test2  -->
