<?xml version="1.0" encoding="UTF-8"?>
<!-- Generated by org.testng.reporters.JUnitXMLReporter -->
<testsuite ignored="0" hostname="Praful" failures="0" tests="13" name="Test" time="53.643" errors="0" timestamp="2024-12-25T20:41:20 IST">
  <testcase classname="TestLayer.LoginPageTest" name="setup" time="3.521"/>
  <testcase classname="TestLayer.LoginPageTest" name="validateLoginFunctionality" time="8.697"/>
  <testcase classname="TestLayer.HomePageTest" name="validateLogo" time="0.403"/>
  <testcase classname="TestLayer.HomePageTest" name="validateHomeTitle" time="0.017"/>
  <testcase classname="TestLayer.HomePageTest" name="validateHomeUrl" time="0.016"/>
  <testcase classname="TestLayer.PIMPageTest" name="validatePimPage" time="1.089"/>
  <testcase classname="TestLayer.PIMPageTest" name="validateNewEmployee" time="8.0"/>
  <testcase classname="TestLayer.PIMPageTest" name="validateEmployeeInformation" time="7.499"/>
  <testcase classname="TestLayer.PIMPageTest" name="validateSearchFunctionality" time="6.722"/>
  <testcase classname="TestLayer.AdminPageTest" name="validateAdminPage" time="0.861"/>
  <testcase classname="TestLayer.AdminPageTest" name="addUserCredentails" time="13.913"/>
  <testcase classname="TestLayer.AdminPageTest" name="logoutFunctionality" time="1.119"/>
  <testcase classname="TestLayer.AdminPageTest" name="validateLoginFunctionality" time="1.708"/>
</testsuite> <!-- Test -->
