<?xml version="1.0" encoding="UTF-8"?>
<testng-results ignored="0" total="13" passed="12" failed="1" skipped="0">
  <reporter-output>
  </reporter-output>
  <suite started-at="2025-01-24T10:44:34 IST" name="Suite" finished-at="2025-01-24T10:45:56 IST" duration-ms="81376">
    <groups>
      <group name="pim">
        <method signature="PIMPageTest.validateEmployeeInformation()[pri:3, instance:TestLayer.PIMPageTest@7c729a55]" name="validateEmployeeInformation" class="TestLayer.PIMPageTest"/>
        <method signature="PIMPageTest.validateNewEmployee()[pri:2, instance:TestLayer.PIMPageTest@7c729a55]" name="validateNewEmployee" class="TestLayer.PIMPageTest"/>
        <method signature="PIMPageTest.validatePimPage()[pri:1, instance:TestLayer.PIMPageTest@7c729a55]" name="validatePimPage" class="TestLayer.PIMPageTest"/>
        <method signature="PIMPageTest.validateSearchFunctionality()[pri:4, instance:TestLayer.PIMPageTest@7c729a55]" name="validateSearchFunctionality" class="TestLayer.PIMPageTest"/>
      </group> <!-- pim -->
      <group name="RegressionTesting">
        <method signature="LoginPageTest.setup()[pri:0, instance:TestLayer.LoginPageTest@47af7f3d]" name="setup" class="TestLayer.LoginPageTest"/>
        <method signature="LoginPageTest.validateLoginFunctionality()[pri:0, instance:TestLayer.LoginPageTest@47af7f3d]" name="validateLoginFunctionality" class="TestLayer.LoginPageTest"/>
        <method signature="HomePageTest.validateHomeTitle()[pri:2, instance:TestLayer.HomePageTest@6aba2b86]" name="validateHomeTitle" class="TestLayer.HomePageTest"/>
        <method signature="HomePageTest.validateHomeUrl()[pri:3, instance:TestLayer.HomePageTest@6aba2b86]" name="validateHomeUrl" class="TestLayer.HomePageTest"/>
        <method signature="HomePageTest.validateLogo()[pri:1, instance:TestLayer.HomePageTest@6aba2b86]" name="validateLogo" class="TestLayer.HomePageTest"/>
        <method signature="PIMPageTest.validateEmployeeInformation()[pri:3, instance:TestLayer.PIMPageTest@7c729a55]" name="validateEmployeeInformation" class="TestLayer.PIMPageTest"/>
        <method signature="PIMPageTest.validateNewEmployee()[pri:2, instance:TestLayer.PIMPageTest@7c729a55]" name="validateNewEmployee" class="TestLayer.PIMPageTest"/>
        <method signature="PIMPageTest.validatePimPage()[pri:1, instance:TestLayer.PIMPageTest@7c729a55]" name="validatePimPage" class="TestLayer.PIMPageTest"/>
        <method signature="PIMPageTest.validateSearchFunctionality()[pri:4, instance:TestLayer.PIMPageTest@7c729a55]" name="validateSearchFunctionality" class="TestLayer.PIMPageTest"/>
        <method signature="AdminPageTest.addUserCredentails()[pri:2, instance:TestLayer.AdminPageTest@dbf57b3]" name="addUserCredentails" class="TestLayer.AdminPageTest"/>
        <method signature="AdminPageTest.logoutFunctionality()[pri:3, instance:TestLayer.AdminPageTest@dbf57b3]" name="logoutFunctionality" class="TestLayer.AdminPageTest"/>
        <method signature="AdminPageTest.validateAdminPage()[pri:1, instance:TestLayer.AdminPageTest@dbf57b3]" name="validateAdminPage" class="TestLayer.AdminPageTest"/>
        <method signature="AdminPageTest.validateLoginFunctionality()[pri:4, instance:TestLayer.AdminPageTest@dbf57b3]" name="validateLoginFunctionality" class="TestLayer.AdminPageTest"/>
      </group> <!-- RegressionTesting -->
      <group name="admin">
        <method signature="AdminPageTest.addUserCredentails()[pri:2, instance:TestLayer.AdminPageTest@dbf57b3]" name="addUserCredentails" class="TestLayer.AdminPageTest"/>
        <method signature="AdminPageTest.logoutFunctionality()[pri:3, instance:TestLayer.AdminPageTest@dbf57b3]" name="logoutFunctionality" class="TestLayer.AdminPageTest"/>
        <method signature="AdminPageTest.validateAdminPage()[pri:1, instance:TestLayer.AdminPageTest@dbf57b3]" name="validateAdminPage" class="TestLayer.AdminPageTest"/>
        <method signature="AdminPageTest.validateLoginFunctionality()[pri:4, instance:TestLayer.AdminPageTest@dbf57b3]" name="validateLoginFunctionality" class="TestLayer.AdminPageTest"/>
      </group> <!-- admin -->
      <group name="setup">
        <method signature="LoginPageTest.setup()[pri:0, instance:TestLayer.LoginPageTest@47af7f3d]" name="setup" class="TestLayer.LoginPageTest"/>
      </group> <!-- setup -->
      <group name="login">
        <method signature="LoginPageTest.validateLoginFunctionality()[pri:0, instance:TestLayer.LoginPageTest@47af7f3d]" name="validateLoginFunctionality" class="TestLayer.LoginPageTest"/>
      </group> <!-- login -->
      <group name="home">
        <method signature="HomePageTest.validateHomeTitle()[pri:2, instance:TestLayer.HomePageTest@6aba2b86]" name="validateHomeTitle" class="TestLayer.HomePageTest"/>
        <method signature="HomePageTest.validateHomeUrl()[pri:3, instance:TestLayer.HomePageTest@6aba2b86]" name="validateHomeUrl" class="TestLayer.HomePageTest"/>
        <method signature="HomePageTest.validateLogo()[pri:1, instance:TestLayer.HomePageTest@6aba2b86]" name="validateLogo" class="TestLayer.HomePageTest"/>
      </group> <!-- home -->
    </groups>
    <test started-at="2025-01-24T10:44:34 IST" name="Test" finished-at="2025-01-24T10:45:56 IST" duration-ms="81376">
      <class name="TestLayer.HomePageTest">
        <test-method signature="validateLogo()[pri:1, instance:TestLayer.HomePageTest@6aba2b86]" started-at="2025-01-24T10:44:49 IST" name="validateLogo" description="Validate Home Page Logo Test Cases" depends-on-groups="login" finished-at="2025-01-24T10:44:49 IST" duration-ms="387" status="PASS">
          <reporter-output>
          </reporter-output>
        </test-method> <!-- validateLogo -->
        <test-method signature="validateHomeTitle()[pri:2, instance:TestLayer.HomePageTest@6aba2b86]" started-at="2025-01-24T10:44:49 IST" name="validateHomeTitle" description="Validate Home Page Title Test Cases" depends-on-groups="login" finished-at="2025-01-24T10:44:49 IST" duration-ms="10" status="PASS">
          <reporter-output>
          </reporter-output>
        </test-method> <!-- validateHomeTitle -->
        <test-method signature="validateHomeUrl()[pri:3, instance:TestLayer.HomePageTest@6aba2b86]" started-at="2025-01-24T10:44:49 IST" name="validateHomeUrl" depends-on-groups="login" finished-at="2025-01-24T10:44:49 IST" duration-ms="1" status="PASS">
          <reporter-output>
          </reporter-output>
        </test-method> <!-- validateHomeUrl -->
      </class> <!-- TestLayer.HomePageTest -->
      <class name="TestLayer.PIMPageTest">
        <test-method signature="validatePimPage()[pri:1, instance:TestLayer.PIMPageTest@7c729a55]" started-at="2025-01-24T10:44:49 IST" name="validatePimPage" depends-on-groups="home" finished-at="2025-01-24T10:44:50 IST" duration-ms="954" status="PASS">
          <reporter-output>
          </reporter-output>
        </test-method> <!-- validatePimPage -->
        <test-method signature="validateNewEmployee()[pri:2, instance:TestLayer.PIMPageTest@7c729a55]" started-at="2025-01-24T10:44:50 IST" name="validateNewEmployee" depends-on-groups="home" finished-at="2025-01-24T10:44:57 IST" duration-ms="6961" status="PASS">
          <reporter-output>
          </reporter-output>
        </test-method> <!-- validateNewEmployee -->
        <test-method signature="validateEmployeeInformation()[pri:3, instance:TestLayer.PIMPageTest@7c729a55]" started-at="2025-01-24T10:44:57 IST" name="validateEmployeeInformation" depends-on-groups="home" finished-at="2025-01-24T10:45:04 IST" duration-ms="7054" status="PASS">
          <reporter-output>
          </reporter-output>
        </test-method> <!-- validateEmployeeInformation -->
        <test-method signature="validateSearchFunctionality()[pri:4, instance:TestLayer.PIMPageTest@7c729a55]" started-at="2025-01-24T10:45:04 IST" name="validateSearchFunctionality" depends-on-groups="home" finished-at="2025-01-24T10:45:10 IST" duration-ms="6265" status="PASS">
          <reporter-output>
          </reporter-output>
        </test-method> <!-- validateSearchFunctionality -->
      </class> <!-- TestLayer.PIMPageTest -->
      <class name="TestLayer.LoginPageTest">
        <test-method signature="setup()[pri:0, instance:TestLayer.LoginPageTest@47af7f3d]" started-at="2025-01-24T10:44:35 IST" name="setup" finished-at="2025-01-24T10:44:47 IST" duration-ms="12415" status="PASS">
          <reporter-output>
          </reporter-output>
        </test-method> <!-- setup -->
        <test-method signature="validateLoginFunctionality()[pri:0, instance:TestLayer.LoginPageTest@47af7f3d]" started-at="2025-01-24T10:44:47 IST" name="validateLoginFunctionality" depends-on-groups="setup" finished-at="2025-01-24T10:44:49 IST" duration-ms="1821" status="PASS">
          <reporter-output>
          </reporter-output>
        </test-method> <!-- validateLoginFunctionality -->
      </class> <!-- TestLayer.LoginPageTest -->
      <class name="TestLayer.AdminPageTest">
        <test-method signature="validateAdminPage()[pri:1, instance:TestLayer.AdminPageTest@dbf57b3]" started-at="2025-01-24T10:45:10 IST" name="validateAdminPage" depends-on-groups="pim" finished-at="2025-01-24T10:45:11 IST" duration-ms="870" status="PASS">
          <reporter-output>
          </reporter-output>
        </test-method> <!-- validateAdminPage -->
        <test-method signature="addUserCredentails()[pri:2, instance:TestLayer.AdminPageTest@dbf57b3]" started-at="2025-01-24T10:45:11 IST" name="addUserCredentails" depends-on-groups="pim" finished-at="2025-01-24T10:45:25 IST" duration-ms="13581" status="PASS">
          <reporter-output>
          </reporter-output>
        </test-method> <!-- addUserCredentails -->
        <test-method signature="logoutFunctionality()[pri:3, instance:TestLayer.AdminPageTest@dbf57b3]" started-at="2025-01-24T10:45:25 IST" name="logoutFunctionality" depends-on-groups="pim" finished-at="2025-01-24T10:45:26 IST" duration-ms="948" status="PASS">
          <reporter-output>
          </reporter-output>
        </test-method> <!-- logoutFunctionality -->
        <test-method signature="validateLoginFunctionality()[pri:4, instance:TestLayer.AdminPageTest@dbf57b3]" started-at="2025-01-24T10:45:26 IST" name="validateLoginFunctionality" depends-on-groups="pim" finished-at="2025-01-24T10:45:56 IST" duration-ms="30021" status="FAIL">
          <exception class="org.openqa.selenium.NoSuchElementException">
            <message>
              <![CDATA[no such element: Unable to locate element: {"method":"css selector","selector":"*[name='username']"}
  (Session info: chrome=131.0.6778.265)
For documentation on this error, please visit: https://www.selenium.dev/documentation/webdriver/troubleshooting/errors#no-such-element-exception
Build info: version: '4.16.1', revision: '9b4c83354e'
System info: os.name: 'Windows 11', os.arch: 'amd64', os.version: '10.0', java.version: '17.0.12'
Driver info: org.openqa.selenium.chrome.ChromeDriver
Command: [eef9da62d1fe042cea074c0f53e8fe52, findElement {using=name, value=username}]
Capabilities {acceptInsecureCerts: false, browserName: chrome, browserVersion: 131.0.6778.265, chrome: {chromedriverVersion: 131.0.6778.264 (2d05e315153..., userDataDir: C:\Users\khanf\AppData\Loca...}, fedcm:accounts: true, goog:chromeOptions: {debuggerAddress: localhost:56411}, networkConnectionEnabled: false, pageLoadStrategy: normal, platformName: windows, proxy: Proxy(), se:cdp: ws://localhost:56411/devtoo..., se:cdpVersion: 131.0.6778.265, setWindowRect: true, strictFileInteractability: false, timeouts: {implicit: 0, pageLoad: 300000, script: 30000}, unhandledPromptBehavior: dismiss and notify, webauthn:extension:credBlob: true, webauthn:extension:largeBlob: true, webauthn:extension:minPinLength: true, webauthn:extension:prf: true, webauthn:virtualAuthenticators: true}
Session ID: eef9da62d1fe042cea074c0f53e8fe52]]>
            </message>
            <full-stacktrace>
              <![CDATA[org.openqa.selenium.NoSuchElementException: no such element: Unable to locate element: {"method":"css selector","selector":"*[name='username']"}
  (Session info: chrome=131.0.6778.265)
For documentation on this error, please visit: https://www.selenium.dev/documentation/webdriver/troubleshooting/errors#no-such-element-exception
Build info: version: '4.16.1', revision: '9b4c83354e'
System info: os.name: 'Windows 11', os.arch: 'amd64', os.version: '10.0', java.version: '17.0.12'
Driver info: org.openqa.selenium.chrome.ChromeDriver
Command: [eef9da62d1fe042cea074c0f53e8fe52, findElement {using=name, value=username}]
Capabilities {acceptInsecureCerts: false, browserName: chrome, browserVersion: 131.0.6778.265, chrome: {chromedriverVersion: 131.0.6778.264 (2d05e315153..., userDataDir: C:\Users\khanf\AppData\Loca...}, fedcm:accounts: true, goog:chromeOptions: {debuggerAddress: localhost:56411}, networkConnectionEnabled: false, pageLoadStrategy: normal, platformName: windows, proxy: Proxy(), se:cdp: ws://localhost:56411/devtoo..., se:cdpVersion: 131.0.6778.265, setWindowRect: true, strictFileInteractability: false, timeouts: {implicit: 0, pageLoad: 300000, script: 30000}, unhandledPromptBehavior: dismiss and notify, webauthn:extension:credBlob: true, webauthn:extension:largeBlob: true, webauthn:extension:minPinLength: true, webauthn:extension:prf: true, webauthn:virtualAuthenticators: true}
Session ID: eef9da62d1fe042cea074c0f53e8fe52
at java.base/jdk.internal.reflect.NativeConstructorAccessorImpl.newInstance0(Native Method)
at java.base/jdk.internal.reflect.NativeConstructorAccessorImpl.newInstance(NativeConstructorAccessorImpl.java:77)
at java.base/jdk.internal.reflect.DelegatingConstructorAccessorImpl.newInstance(DelegatingConstructorAccessorImpl.java:45)
at java.base/java.lang.reflect.Constructor.newInstanceWithCaller(Constructor.java:499)
at java.base/java.lang.reflect.Constructor.newInstance(Constructor.java:480)
at org.openqa.selenium.remote.codec.w3c.W3CHttpResponseCodec.createException(W3CHttpResponseCodec.java:200)
at org.openqa.selenium.remote.codec.w3c.W3CHttpResponseCodec.decode(W3CHttpResponseCodec.java:133)
at org.openqa.selenium.remote.codec.w3c.W3CHttpResponseCodec.decode(W3CHttpResponseCodec.java:52)
at org.openqa.selenium.remote.HttpCommandExecutor.execute(HttpCommandExecutor.java:191)
at org.openqa.selenium.remote.service.DriverCommandExecutor.invokeExecute(DriverCommandExecutor.java:200)
at org.openqa.selenium.remote.service.DriverCommandExecutor.execute(DriverCommandExecutor.java:175)
at org.openqa.selenium.remote.RemoteWebDriver.execute(RemoteWebDriver.java:523)
at org.openqa.selenium.remote.ElementLocation$ElementFinder$2.findElement(ElementLocation.java:165)
at org.openqa.selenium.remote.ElementLocation.findElement(ElementLocation.java:59)
at org.openqa.selenium.remote.RemoteWebDriver.findElement(RemoteWebDriver.java:360)
at org.openqa.selenium.remote.RemoteWebDriver.findElement(RemoteWebDriver.java:354)
at org.openqa.selenium.support.pagefactory.DefaultElementLocator.findElement(DefaultElementLocator.java:68)
at org.openqa.selenium.support.pagefactory.internal.LocatingElementHandler.invoke(LocatingElementHandler.java:38)
at jdk.proxy2/jdk.proxy2.$Proxy11.isDisplayed(Unknown Source)
at UtilityLayer.WebElementUtils.sendKeys(WebElementUtils.java:14)
at PageLayer.LoginPage.loginFunctionality(LoginPage.java:34)
at TestLayer.AdminPageTest.validateLoginFunctionality(AdminPageTest.java:41)
at java.base/jdk.internal.reflect.NativeMethodAccessorImpl.invoke0(Native Method)
at java.base/jdk.internal.reflect.NativeMethodAccessorImpl.invoke(NativeMethodAccessorImpl.java:77)
at java.base/jdk.internal.reflect.DelegatingMethodAccessorImpl.invoke(DelegatingMethodAccessorImpl.java:43)
at java.base/java.lang.reflect.Method.invoke(Method.java:568)
at org.testng.internal.MethodInvocationHelper.invokeMethod(MethodInvocationHelper.java:133)
at org.testng.internal.TestInvoker.invokeMethod(TestInvoker.java:598)
at org.testng.internal.TestInvoker.invokeTestMethod(TestInvoker.java:173)
at org.testng.internal.MethodRunner.runInSequence(MethodRunner.java:46)
at org.testng.internal.TestInvoker$MethodInvocationAgent.invoke(TestInvoker.java:824)
at org.testng.internal.TestInvoker.invokeTestMethods(TestInvoker.java:146)
at org.testng.internal.TestMethodWorker.invokeTestMethods(TestMethodWorker.java:146)
at org.testng.internal.TestMethodWorker.run(TestMethodWorker.java:128)
at java.base/java.util.ArrayList.forEach(ArrayList.java:1511)
at org.testng.TestRunner.privateRun(TestRunner.java:794)
at org.testng.TestRunner.run(TestRunner.java:596)
at org.testng.SuiteRunner.runTest(SuiteRunner.java:377)
at org.testng.SuiteRunner.runSequentially(SuiteRunner.java:371)
at org.testng.SuiteRunner.privateRun(SuiteRunner.java:332)
at org.testng.SuiteRunner.run(SuiteRunner.java:276)
at org.testng.SuiteRunnerWorker.runSuite(SuiteRunnerWorker.java:53)
at org.testng.SuiteRunnerWorker.run(SuiteRunnerWorker.java:96)
at org.testng.TestNG.runSuitesSequentially(TestNG.java:1212)
at org.testng.TestNG.runSuitesLocally(TestNG.java:1134)
at org.testng.TestNG.runSuites(TestNG.java:1063)
at org.testng.TestNG.run(TestNG.java:1031)
at org.testng.remote.AbstractRemoteTestNG.run(AbstractRemoteTestNG.java:115)
at org.testng.remote.RemoteTestNG.initAndRun(RemoteTestNG.java:293)
at org.testng.remote.RemoteTestNG.main(RemoteTestNG.java:91)
]]>
            </full-stacktrace>
          </exception> <!-- org.openqa.selenium.NoSuchElementException -->
          <reporter-output>
          </reporter-output>
        </test-method> <!-- validateLoginFunctionality -->
      </class> <!-- TestLayer.AdminPageTest -->
    </test> <!-- Test -->
  </suite> <!-- Suite -->
</testng-results>
